{"D:\\Backup\\Users\\prani\\OneDrive\\Documents\\coding c++\\HTML CSS MS EXCEL javascript\\HTML\\Crm Application\\movie_app\\Configs\\config.secret.js": {"path":"D:\\Backup\\Users\\prani\\OneDrive\\Documents\\coding c++\\HTML CSS MS EXCEL javascript\\HTML\\Crm Application\\movie_app\\Configs\\config.secret.js","statementMap":{"0":{"start":{"line":1,"column":0},"end":{"line":1,"column":38}}},"fnMap":{},"branchMap":{},"s":{"0":1},"f":{},"b":{},"_coverageSchema":"1a1c01bbd47fc00a2c39e90264f33305004495a9","hash":"c465a9743b307b2efd463750f2cf6b56be293029"}
,"D:\\Backup\\Users\\prani\\OneDrive\\Documents\\coding c++\\HTML CSS MS EXCEL javascript\\HTML\\Crm Application\\movie_app\\Controllers\\auth.controller.js": {"path":"D:\\Backup\\Users\\prani\\OneDrive\\Documents\\coding c++\\HTML CSS MS EXCEL javascript\\HTML\\Crm Application\\movie_app\\Controllers\\auth.controller.js","statementMap":{"0":{"start":{"line":1,"column":13},"end":{"line":1,"column":44}},"1":{"start":{"line":2,"column":15},"end":{"line":2,"column":32}},"2":{"start":{"line":3,"column":12},"end":{"line":3,"column":35}},"3":{"start":{"line":4,"column":15},"end":{"line":4,"column":50}},"4":{"start":{"line":6,"column":0},"end":{"line":43,"column":1}},"5":{"start":{"line":8,"column":17},"end":{"line":8,"column":30}},"6":{"start":{"line":9,"column":21},"end":{"line":9,"column":40}},"7":{"start":{"line":10,"column":4},"end":{"line":14,"column":5}},"8":{"start":{"line":11,"column":8},"end":{"line":11,"column":32}},"9":{"start":{"line":13,"column":8},"end":{"line":13,"column":31}},"10":{"start":{"line":16,"column":4},"end":{"line":22,"column":5}},"11":{"start":{"line":24,"column":4},"end":{"line":42,"column":5}},"12":{"start":{"line":25,"column":21},"end":{"line":25,"column":47}},"13":{"start":{"line":26,"column":8},"end":{"line":26,"column":26}},"14":{"start":{"line":27,"column":25},"end":{"line":35,"column":9}},"15":{"start":{"line":36,"column":8},"end":{"line":36,"column":46}},"16":{"start":{"line":38,"column":8},"end":{"line":38,"column":27}},"17":{"start":{"line":39,"column":8},"end":{"line":41,"column":10}},"18":{"start":{"line":45,"column":0},"end":{"line":90,"column":1}},"19":{"start":{"line":46,"column":19},"end":{"line":46,"column":34}},"20":{"start":{"line":47,"column":21},"end":{"line":47,"column":38}},"21":{"start":{"line":48,"column":4},"end":{"line":89,"column":5}},"22":{"start":{"line":49,"column":21},"end":{"line":51,"column":17}},"23":{"start":{"line":53,"column":8},"end":{"line":57,"column":9}},"24":{"start":{"line":54,"column":12},"end":{"line":56,"column":14}},"25":{"start":{"line":59,"column":31},"end":{"line":62,"column":9}},"26":{"start":{"line":64,"column":8},"end":{"line":68,"column":9}},"27":{"start":{"line":65,"column":12},"end":{"line":67,"column":14}},"28":{"start":{"line":70,"column":20},"end":{"line":72,"column":10}},"29":{"start":{"line":74,"column":25},"end":{"line":81,"column":9}},"30":{"start":{"line":83,"column":8},"end":{"line":83,"column":39}},"31":{"start":{"line":86,"column":8},"end":{"line":88,"column":10}}},"fnMap":{"0":{"name":"(anonymous_0)","decl":{"start":{"line":6,"column":17},"end":{"line":6,"column":18}},"loc":{"start":{"line":6,"column":36},"end":{"line":43,"column":1}},"line":6},"1":{"name":"(anonymous_1)","decl":{"start":{"line":45,"column":16},"end":{"line":45,"column":17}},"loc":{"start":{"line":45,"column":35},"end":{"line":90,"column":1}},"line":45}},"branchMap":{"0":{"loc":{"start":{"line":10,"column":4},"end":{"line":14,"column":5}},"type":"if","locations":[{"start":{"line":10,"column":4},"end":{"line":14,"column":5}},{"start":{"line":12,"column":11},"end":{"line":14,"column":5}}],"line":10},"1":{"loc":{"start":{"line":10,"column":8},"end":{"line":10,"column":45}},"type":"binary-expr","locations":[{"start":{"line":10,"column":8},"end":{"line":10,"column":26}},{"start":{"line":10,"column":30},"end":{"line":10,"column":45}}],"line":10},"2":{"loc":{"start":{"line":53,"column":8},"end":{"line":57,"column":9}},"type":"if","locations":[{"start":{"line":53,"column":8},"end":{"line":57,"column":9}},{"start":{},"end":{}}],"line":53},"3":{"loc":{"start":{"line":64,"column":8},"end":{"line":68,"column":9}},"type":"if","locations":[{"start":{"line":64,"column":8},"end":{"line":68,"column":9}},{"start":{},"end":{}}],"line":64}},"s":{"0":1,"1":1,"2":1,"3":1,"4":1,"5":1,"6":1,"7":1,"8":1,"9":0,"10":1,"11":1,"12":1,"13":1,"14":1,"15":1,"16":0,"17":0,"18":1,"19":0,"20":0,"21":0,"22":0,"23":0,"24":0,"25":0,"26":0,"27":0,"28":0,"29":0,"30":0,"31":0},"f":{"0":1,"1":0},"b":{"0":[1,0],"1":[1,0],"2":[0,0],"3":[0,0]},"_coverageSchema":"1a1c01bbd47fc00a2c39e90264f33305004495a9","hash":"b0f015d015525adea8f8cef8fc3324c60256c0dd"}
,"D:\\Backup\\Users\\prani\\OneDrive\\Documents\\coding c++\\HTML CSS MS EXCEL javascript\\HTML\\Crm Application\\movie_app\\Models\\user.model.js": {"path":"D:\\Backup\\Users\\prani\\OneDrive\\Documents\\coding c++\\HTML CSS MS EXCEL javascript\\HTML\\Crm Application\\movie_app\\Models\\user.model.js","statementMap":{"0":{"start":{"line":1,"column":17},"end":{"line":1,"column":36}},"1":{"start":{"line":4,"column":13},"end":{"line":57,"column":2}},"2":{"start":{"line":47,"column":12},"end":{"line":47,"column":29}},"3":{"start":{"line":54,"column":12},"end":{"line":54,"column":29}},"4":{"start":{"line":59,"column":0},"end":{"line":59,"column":46}}},"fnMap":{"0":{"name":"(anonymous_0)","decl":{"start":{"line":46,"column":17},"end":{"line":46,"column":18}},"loc":{"start":{"line":46,"column":23},"end":{"line":48,"column":9}},"line":46},"1":{"name":"(anonymous_1)","decl":{"start":{"line":53,"column":17},"end":{"line":53,"column":18}},"loc":{"start":{"line":53,"column":23},"end":{"line":55,"column":9}},"line":53}},"branchMap":{},"s":{"0":1,"1":1,"2":1,"3":1,"4":1},"f":{"0":1,"1":1},"b":{},"_coverageSchema":"1a1c01bbd47fc00a2c39e90264f33305004495a9","hash":"5f7afa301c9a837405e076774a73e1e03fbb608f"}
,"D:\\Backup\\Users\\prani\\OneDrive\\Documents\\coding c++\\HTML CSS MS EXCEL javascript\\HTML\\Crm Application\\movie_app\\tests\\db.js": {"path":"D:\\Backup\\Users\\prani\\OneDrive\\Documents\\coding c++\\HTML CSS MS EXCEL javascript\\HTML\\Crm Application\\movie_app\\tests\\db.js","statementMap":{"0":{"start":{"line":1,"column":17},"end":{"line":1,"column":36}},"1":{"start":{"line":2,"column":71},"end":{"line":2,"column":103}},"2":{"start":{"line":6,"column":0},"end":{"line":13,"column":1}},"3":{"start":{"line":7,"column":4},"end":{"line":12,"column":5}},"4":{"start":{"line":8,"column":8},"end":{"line":8,"column":46}},"5":{"start":{"line":9,"column":20},"end":{"line":9,"column":31}},"6":{"start":{"line":10,"column":8},"end":{"line":10,"column":36}},"7":{"start":{"line":15,"column":0},"end":{"line":21,"column":1}},"8":{"start":{"line":16,"column":4},"end":{"line":16,"column":45}},"9":{"start":{"line":17,"column":4},"end":{"line":17,"column":38}},"10":{"start":{"line":18,"column":4},"end":{"line":20,"column":5}},"11":{"start":{"line":19,"column":8},"end":{"line":19,"column":24}},"12":{"start":{"line":23,"column":0},"end":{"line":29,"column":1}},"13":{"start":{"line":24,"column":24},"end":{"line":24,"column":55}},"14":{"start":{"line":25,"column":4},"end":{"line":28,"column":5}},"15":{"start":{"line":26,"column":27},"end":{"line":26,"column":43}},"16":{"start":{"line":27,"column":8},"end":{"line":27,"column":38}}},"fnMap":{"0":{"name":"(anonymous_0)","decl":{"start":{"line":6,"column":18},"end":{"line":6,"column":19}},"loc":{"start":{"line":6,"column":29},"end":{"line":13,"column":1}},"line":6},"1":{"name":"(anonymous_1)","decl":{"start":{"line":15,"column":24},"end":{"line":15,"column":25}},"loc":{"start":{"line":15,"column":35},"end":{"line":21,"column":1}},"line":15},"2":{"name":"(anonymous_2)","decl":{"start":{"line":23,"column":24},"end":{"line":23,"column":25}},"loc":{"start":{"line":23,"column":35},"end":{"line":29,"column":1}},"line":23}},"branchMap":{"0":{"loc":{"start":{"line":7,"column":4},"end":{"line":12,"column":5}},"type":"if","locations":[{"start":{"line":7,"column":4},"end":{"line":12,"column":5}},{"start":{},"end":{}}],"line":7},"1":{"loc":{"start":{"line":18,"column":4},"end":{"line":20,"column":5}},"type":"if","locations":[{"start":{"line":18,"column":4},"end":{"line":20,"column":5}},{"start":{},"end":{}}],"line":18}},"s":{"0":1,"1":1,"2":1,"3":1,"4":1,"5":1,"6":1,"7":1,"8":1,"9":1,"10":1,"11":1,"12":1,"13":1,"14":1,"15":1,"16":1},"f":{"0":1,"1":1,"2":1},"b":{"0":[1,0],"1":[1,0]},"_coverageSchema":"1a1c01bbd47fc00a2c39e90264f33305004495a9","hash":"1fc83a3a44587ce6269af1c15643b6422d8716b3"}
,"D:\\Backup\\Users\\prani\\OneDrive\\Documents\\coding c++\\HTML CSS MS EXCEL javascript\\HTML\\Crm Application\\movie_app\\tests\\intreceptor.js": {"path":"D:\\Backup\\Users\\prani\\OneDrive\\Documents\\coding c++\\HTML CSS MS EXCEL javascript\\HTML\\Crm Application\\movie_app\\tests\\intreceptor.js","statementMap":{"0":{"start":{"line":1,"column":0},"end":{"line":6,"column":1}},"1":{"start":{"line":2,"column":16},"end":{"line":2,"column":18}},"2":{"start":{"line":3,"column":4},"end":{"line":3,"column":46}},"3":{"start":{"line":4,"column":4},"end":{"line":4,"column":48}},"4":{"start":{"line":5,"column":4},"end":{"line":5,"column":15}},"5":{"start":{"line":8,"column":0},"end":{"line":14,"column":1}},"6":{"start":{"line":9,"column":16},"end":{"line":9,"column":18}},"7":{"start":{"line":10,"column":4},"end":{"line":10,"column":48}},"8":{"start":{"line":11,"column":4},"end":{"line":11,"column":46}},"9":{"start":{"line":12,"column":4},"end":{"line":12,"column":46}},"10":{"start":{"line":13,"column":4},"end":{"line":13,"column":15}}},"fnMap":{"0":{"name":"(anonymous_0)","decl":{"start":{"line":1,"column":22},"end":{"line":1,"column":23}},"loc":{"start":{"line":1,"column":28},"end":{"line":6,"column":1}},"line":1},"1":{"name":"(anonymous_1)","decl":{"start":{"line":8,"column":23},"end":{"line":8,"column":24}},"loc":{"start":{"line":8,"column":29},"end":{"line":14,"column":1}},"line":8}},"branchMap":{},"s":{"0":1,"1":1,"2":1,"3":1,"4":1,"5":1,"6":1,"7":1,"8":1,"9":1,"10":1},"f":{"0":1,"1":1},"b":{},"_coverageSchema":"1a1c01bbd47fc00a2c39e90264f33305004495a9","hash":"ac017d200ae952b275d2b11c7265f324355d16d1"}
}
